2015-10-15 18:48:48 INFO  WebDriver:29 - New FirefoxDriver: firefox on WINDOWS (57f4125a-50e7-4b24-b9a1-898b82e71fe4) was created
2015-10-15 18:48:57 INFO  WebDriver:29 - New FirefoxDriver: firefox on WINDOWS (d16f1d9a-ca20-49aa-a317-1348daaf59c0) was created
2015-10-15 18:49:04 INFO  WebDriver:29 - New FirefoxDriver: firefox on WINDOWS (d841d16f-e439-4685-b5e4-c61dce336560) was created
2015-10-15 18:49:06 INFO  DriverEventHandler:20 - Navigated to https://www.google.com.ua/
2015-10-15 18:49:08 INFO  DriverEventHandler:20 - Navigated to https://github.com/
2015-10-15 18:49:14 INFO  WebDriver:29 - New FirefoxDriver: firefox on WINDOWS (fe6f91fc-2e89-4b5e-a76c-a95f249df2d7) was created
2015-10-15 18:49:16 INFO  DriverEventHandler:20 - Navigated to https://www.google.com.ua/
2015-10-15 18:49:18 INFO  DriverEventHandler:20 - Navigated to https://github.com/
2015-10-15 18:49:31 INFO  WebDriver:29 - New FirefoxDriver: firefox on WINDOWS (980c7c1c-919d-41a3-b7bb-3a331a3625c9) was created
2015-10-15 18:49:34 INFO  DriverEventHandler:20 - Navigated to https://www.google.com.ua/
2015-10-15 18:49:37 INFO  DriverEventHandler:20 - Navigated to https://groups.google.com/forum/#!topic/testng-users/TbcvtQN8umo
2015-10-15 18:49:43 INFO  WebDriver:29 - New FirefoxDriver: firefox on WINDOWS (26c9c075-c710-4062-aab7-459e342854aa) was created
2015-10-15 18:49:45 INFO  DriverEventHandler:20 - Navigated to https://www.google.com.ua/
2015-10-15 18:49:47 INFO  DriverEventHandler:20 - Navigated to https://github.com/
2015-10-15 18:49:56 INFO  WebDriver:29 - New FirefoxDriver: firefox on WINDOWS (9f802fac-3566-4c09-992d-848fd4b95468) was created
2015-10-15 18:49:57 INFO  DriverEventHandler:20 - Navigated to https://www.google.com.ua/
2015-10-15 18:50:00 INFO  DriverEventHandler:20 - Navigated to https://books.sonatype.com/mcookbook/reference/ch07s06.html
2015-10-15 18:50:06 INFO  WebDriver:29 - New FirefoxDriver: firefox on WINDOWS (a133fe49-dd5d-4460-9317-e07eed9357fb) was created
2015-10-15 18:50:08 INFO  DriverEventHandler:20 - Navigated to https://www.google.com.ua/
2015-10-15 18:50:11 INFO  DriverEventHandler:20 - Navigated to https://github.com/
2015-10-15 18:50:17 INFO  WebDriver:29 - New FirefoxDriver: firefox on WINDOWS (1fc59647-2aad-47f0-92c3-89fa6a83f763) was created
2015-10-15 18:50:19 INFO  DriverEventHandler:20 - Navigated to https://www.google.com.ua/
2015-10-15 18:50:23 INFO  DriverEventHandler:20 - Navigated to https://books.sonatype.com/mcookbook/reference/ch07s06.html
2015-10-15 18:50:29 INFO  WebDriver:29 - New FirefoxDriver: firefox on WINDOWS (bb65db16-a4a4-476a-8b97-76759cd929f8) was created
2015-10-15 18:50:33 INFO  DriverEventHandler:20 - Navigated to https://www.google.com.ua/
2015-10-15 18:50:35 INFO  DriverEventHandler:20 - Navigated to https://github.com/
